#
# There is insufficient memory for the Java Runtime Environment to continue.
# Native memory allocation (malloc) failed to allocate 1048576 bytes. Error detail: AllocateHeap
# Possible reasons:
#   The system is out of physical RAM or swap space
#   This process is running with CompressedOops enabled, and the Java Heap may be blocking the growth of the native heap
# Possible solutions:
#   Reduce memory load on the system
#   Increase physical memory or swap space
#   Check if swap backing store is full
#   Decrease Java heap size (-Xmx/-Xms)
#   Decrease number of Java threads
#   Decrease Java thread stack sizes (-Xss)
#   Set larger code cache with -XX:ReservedCodeCacheSize=
#   JVM is running with Unscaled Compressed Oops mode in which the Java heap is
#     placed in the first 4GB address space. The Java Heap base address is the
#     maximum limit for the native heap growth. Please use -XX:HeapBaseMinAddress
#     to set the Java Heap base and to place the Java Heap above 4GB virtual address.
# This output file may be truncated or incomplete.
#
#  Out of Memory Error (allocation.cpp:44), pid=19748, tid=7096
#
# JRE version:  (21.0.7+6) (build )
# Java VM: OpenJDK 64-Bit Server VM (21.0.7+6-LTS, mixed mode, sharing, tiered, compressed oops, compressed class ptrs, g1 gc, windows-amd64)
# No core dump will be written. Minidumps are not enabled by default on client versions of Windows
#

---------------  S U M M A R Y ------------

Command Line: -Dfile.encoding=UTF-8 -Dstdout.encoding=UTF-8 -Dstderr.encoding=UTF-8 --module-path=E:\Eclipse workspace\employeemanager\lib\mysql-connector-j-9.3.0.jar -XX:+ShowCodeDetailsInExceptionMessages com.litmus7.employeemanager.app.EmployeeManagerApp

Host: 11th Gen Intel(R) Core(TM) i5-1135G7 @ 2.40GHz, 8 cores, 7G,  Windows 11 , 64 bit Build 22621 (10.0.22621.4000)
Time: Tue Aug 12 16:04:04 2025 India Standard Time elapsed time: 0.022348 seconds (0d 0h 0m 0s)

---------------  T H R E A D  ---------------

Current thread (0x0000023be04df510):  JavaThread "Unknown thread" [_thread_in_vm, id=7096, stack(0x00000085a5c00000,0x00000085a5d00000) (1024K)]

Stack: [0x00000085a5c00000,0x00000085a5d00000]
Native frames: (J=compiled Java code, j=interpreted, Vv=VM code, C=native code)
V  [jvm.dll+0x6ce119]
V  [jvm.dll+0x8a84a1]
V  [jvm.dll+0x8aa9ce]
V  [jvm.dll+0x8ab0b3]
V  [jvm.dll+0x27f8a6]
V  [jvm.dll+0xbfba7]
V  [jvm.dll+0x327ed5]
V  [jvm.dll+0x8716dd]
V  [jvm.dll+0x3bc501]
V  [jvm.dll+0x85a743]
V  [jvm.dll+0x45080e]
V  [jvm.dll+0x452451]
C  [jli.dll+0x5278]
C  [ucrtbase.dll+0x29333]
C  [KERNEL32.DLL+0x1257d]
C  [ntdll.dll+0x5af28]


---------------  P R O C E S S  ---------------

Threads class SMR info:
_java_thread_list=0x00007ffcc29fa0c8, length=0, elements={
}

Java Threads: ( => current thread )
Total: 0

Other Threads:

=>0x0000023be04df510 (exited) JavaThread "Unknown thread"    [_thread_in_vm, id=7096, stack(0x00000085a5c00000,0x00000085a5d00000) (1024K)]
Total: 1

Threads with active compile tasks:
Total: 0

VM state: not at safepoint (not fully initialized)

VM Mutex/Monitor currently owned by a thread: None

Heap address: 0x0000000000000000, size: 0 MB, Compressed Oops mode: 32-bit

CDS archive(s) mapped at: [0x0000000000000000-0x0000000000000000-0x0000000000000000), size 0, SharedBaseAddress: 0x0000000800000000, ArchiveRelocationMode: 1.
Narrow klass base: 0x0000000000000000, Narrow klass shift: 0, Narrow klass range: 0x0

GC Precious Log:
 CardTable entry size: 512
 Card Set container configuration: InlinePtr #cards 5 size 8 Array Of Cards #cards 12 size 40 Howl #buckets 4 coarsen threshold 1843 Howl Bitmap #cards 512 size 80 coarsen threshold 460 Card regions per heap region 1 cards per card region 2048

GC Heap History (0 events):
No events

Dll operation events (1 events):
Event: 0.010 Loaded shared library C:\Users\chinm\.p2\pool\plugins\org.eclipse.justj.openjdk.hotspot.jre.full.win32.x86_64_21.0.7.v20250502-0916\jre\bin\java.dll

Deoptimization events (0 events):
No events

Classes loaded (0 events):
No events

Classes unloaded (0 events):
No events

Classes redefined (0 events):
No events

Internal exceptions (0 events):
No events

ZGC Phase Switch (0 events):
No events

VM Operations (0 events):
No events

Memory protections (0 events):
No events

Nmethod flushes (0 events):
No events

Events (0 events):
No events


Dynamic libraries:
0x00007ff7580c0000 - 0x00007ff7580ce000 	C:\Users\chinm\.p2\pool\plugins\org.eclipse.justj.openjdk.hotspot.jre.full.win32.x86_64_21.0.7.v20250502-0916\jre\bin\javaw.exe
0x00007ffd3d370000 - 0x00007ffd3d587000 	C:\WINDOWS\SYSTEM32\ntdll.dll
0x00007ffd3bd70000 - 0x00007ffd3be34000 	C:\WINDOWS\System32\KERNEL32.DLL
0x00007ffd3aa60000 - 0x00007ffd3ae0d000 	C:\WINDOWS\System32\KERNELBASE.dll
0x00007ffd3a8a0000 - 0x00007ffd3a9b1000 	C:\WINDOWS\System32\ucrtbase.dll
0x00007ffd2bce0000 - 0x00007ffd2bcf8000 	C:\Users\chinm\.p2\pool\plugins\org.eclipse.justj.openjdk.hotspot.jre.full.win32.x86_64_21.0.7.v20250502-0916\jre\bin\jli.dll
0x00007ffd2bcc0000 - 0x00007ffd2bcde000 	C:\Users\chinm\.p2\pool\plugins\org.eclipse.justj.openjdk.hotspot.jre.full.win32.x86_64_21.0.7.v20250502-0916\jre\bin\VCRUNTIME140.dll
0x00007ffd3d0d0000 - 0x00007ffd3d27e000 	C:\WINDOWS\System32\USER32.dll
0x00007ffd2a140000 - 0x00007ffd2a3d3000 	C:\WINDOWS\WinSxS\amd64_microsoft.windows.common-controls_6595b64144ccf1df_6.0.22621.3646_none_27105dd3738543d4\COMCTL32.dll
0x00007ffd3b070000 - 0x00007ffd3b096000 	C:\WINDOWS\System32\win32u.dll
0x00007ffd3b930000 - 0x00007ffd3b9d7000 	C:\WINDOWS\System32\msvcrt.dll
0x00007ffd3b0a0000 - 0x00007ffd3b0c9000 	C:\WINDOWS\System32\GDI32.dll
0x00007ffd3af50000 - 0x00007ffd3b069000 	C:\WINDOWS\System32\gdi32full.dll
0x00007ffd3a690000 - 0x00007ffd3a72a000 	C:\WINDOWS\System32\msvcp_win.dll
0x00007ffd3b8f0000 - 0x00007ffd3b921000 	C:\WINDOWS\System32\IMM32.DLL
0x00007ffd2bcb0000 - 0x00007ffd2bcbc000 	C:\Users\chinm\.p2\pool\plugins\org.eclipse.justj.openjdk.hotspot.jre.full.win32.x86_64_21.0.7.v20250502-0916\jre\bin\vcruntime140_1.dll
0x00007ffcf4790000 - 0x00007ffcf481d000 	C:\Users\chinm\.p2\pool\plugins\org.eclipse.justj.openjdk.hotspot.jre.full.win32.x86_64_21.0.7.v20250502-0916\jre\bin\msvcp140.dll
0x00007ffcc1dc0000 - 0x00007ffcc2b50000 	C:\Users\chinm\.p2\pool\plugins\org.eclipse.justj.openjdk.hotspot.jre.full.win32.x86_64_21.0.7.v20250502-0916\jre\bin\server\jvm.dll
0x00007ffd3ba60000 - 0x00007ffd3bb12000 	C:\WINDOWS\System32\ADVAPI32.dll
0x00007ffd3d280000 - 0x00007ffd3d329000 	C:\WINDOWS\System32\sechost.dll
0x00007ffd3aa30000 - 0x00007ffd3aa58000 	C:\WINDOWS\System32\bcrypt.dll
0x00007ffd3b0d0000 - 0x00007ffd3b1e4000 	C:\WINDOWS\System32\RPCRT4.dll
0x00007ffd3b9e0000 - 0x00007ffd3ba51000 	C:\WINDOWS\System32\WS2_32.dll
0x00007ffd3a4a0000 - 0x00007ffd3a4ed000 	C:\WINDOWS\SYSTEM32\POWRPROF.dll
0x00007ffd346f0000 - 0x00007ffd34724000 	C:\WINDOWS\SYSTEM32\WINMM.dll
0x00007ffd30840000 - 0x00007ffd3084a000 	C:\WINDOWS\SYSTEM32\VERSION.dll
0x00007ffd3a380000 - 0x00007ffd3a393000 	C:\WINDOWS\SYSTEM32\UMPDC.dll
0x00007ffd39660000 - 0x00007ffd39678000 	C:\WINDOWS\SYSTEM32\kernel.appcore.dll
0x00007ffcc1db0000 - 0x00007ffcc1dba000 	C:\Users\chinm\.p2\pool\plugins\org.eclipse.justj.openjdk.hotspot.jre.full.win32.x86_64_21.0.7.v20250502-0916\jre\bin\jimage.dll
0x00007ffd37f00000 - 0x00007ffd38132000 	C:\WINDOWS\SYSTEM32\DBGHELP.DLL
0x00007ffd3c700000 - 0x00007ffd3ca8e000 	C:\WINDOWS\System32\combase.dll
0x00007ffd3bbd0000 - 0x00007ffd3bca7000 	C:\WINDOWS\System32\OLEAUT32.dll
0x00007ffd21b50000 - 0x00007ffd21b82000 	C:\WINDOWS\SYSTEM32\dbgcore.DLL
0x00007ffd3ae10000 - 0x00007ffd3ae8b000 	C:\WINDOWS\System32\bcryptPrimitives.dll
0x00007ffcc1d90000 - 0x00007ffcc1daf000 	C:\Users\chinm\.p2\pool\plugins\org.eclipse.justj.openjdk.hotspot.jre.full.win32.x86_64_21.0.7.v20250502-0916\jre\bin\java.dll

dbghelp: loaded successfully - version: 4.0.5 - missing functions: none
symbol engine: initialized successfully - sym options: 0x614 - pdb path: .;C:\Users\chinm\.p2\pool\plugins\org.eclipse.justj.openjdk.hotspot.jre.full.win32.x86_64_21.0.7.v20250502-0916\jre\bin;C:\WINDOWS\SYSTEM32;C:\WINDOWS\WinSxS\amd64_microsoft.windows.common-controls_6595b64144ccf1df_6.0.22621.3646_none_27105dd3738543d4;C:\Users\chinm\.p2\pool\plugins\org.eclipse.justj.openjdk.hotspot.jre.full.win32.x86_64_21.0.7.v20250502-0916\jre\bin\server

VM Arguments:
jvm_args: -Dfile.encoding=UTF-8 -Dstdout.encoding=UTF-8 -Dstderr.encoding=UTF-8 --module-path=E:\Eclipse workspace\employeemanager\lib\mysql-connector-j-9.3.0.jar -XX:+ShowCodeDetailsInExceptionMessages 
java_command: com.litmus7.employeemanager.app.EmployeeManagerApp
java_class_path (initial): E:\Eclipse workspace\employeemanager\bin
Launcher Type: SUN_STANDARD

[Global flags]
     intx CICompilerCount                          = 4                                         {product} {ergonomic}
     uint ConcGCThreads                            = 2                                         {product} {ergonomic}
     uint G1ConcRefinementThreads                  = 8                                         {product} {ergonomic}
   size_t G1HeapRegionSize                         = 1048576                                   {product} {ergonomic}
    uintx GCDrainStackTargetSize                   = 64                                        {product} {ergonomic}
   size_t InitialHeapSize                          = 130023424                                 {product} {ergonomic}
   size_t MarkStackSize                            = 4194304                                   {product} {ergonomic}
   size_t MaxHeapSize                              = 2076180480                                {product} {ergonomic}
   size_t MinHeapDeltaBytes                        = 1048576                                   {product} {ergonomic}
   size_t MinHeapSize                              = 8388608                                   {product} {ergonomic}
    uintx NonNMethodCodeHeapSize                   = 5839372                                {pd product} {ergonomic}
    uintx NonProfiledCodeHeapSize                  = 122909434                              {pd product} {ergonomic}
    uintx ProfiledCodeHeapSize                     = 122909434                              {pd product} {ergonomic}
    uintx ReservedCodeCacheSize                    = 251658240                              {pd product} {ergonomic}
     bool SegmentedCodeCache                       = true                                      {product} {ergonomic}
     bool ShowCodeDetailsInExceptionMessages       = true                                   {manageable} {command line}
   size_t SoftMaxHeapSize                          = 2076180480                             {manageable} {ergonomic}
     bool UseCompressedOops                        = true                           {product lp64_product} {ergonomic}
     bool UseG1GC                                  = true                                      {product} {ergonomic}
     bool UseLargePagesIndividualAllocation        = false                                  {pd product} {ergonomic}

Logging:
Log output configuration:
 #0: stdout all=warning uptime,level,tags foldmultilines=false
 #1: stderr all=off uptime,level,tags foldmultilines=false

Environment Variables:
JAVA_HOME=C:\Program Files\Java\jdk-17
CLASSPATH=C:\mysql-connector-j-9.3.0.jar
PATH=C:/Users/chinm/.p2/pool/plugins/org.eclipse.justj.openjdk.hotspot.jre.full.win32.x86_64_21.0.7.v20250502-0916/jre/bin/server;C:/Users/chinm/.p2/pool/plugins/org.eclipse.justj.openjdk.hotspot.jre.full.win32.x86_64_21.0.7.v20250502-0916/jre/bin;C:\Program Files\Common Files\Oracle\Java\javapath;C:\WINDOWS\system32;C:\WINDOWS;C:\WINDOWS\System32\Wbem;C:\WINDOWS\System32\WindowsPowerShell\v1.0\;C:\WINDOWS\System32\OpenSSH\;C:\Program Files\dotnet\;C:\Program Files\Git\cmd;E:\flutter\bin;C:\Program Files (x86)\Windows Kits\10\Windows Performance Toolkit\;E:\Android Studio\bin;C:\Program Files\Git LFS;C:\nuget.exe;C:\Program Files\Java\jdk-17\bin;C:\Program Files\Java\jdk-19\bin;C:\Program Files\Java\jdk-19\bin;C:\Program Files\MySQL\MySQL Shell 8.0\bin\;C:\Users\chinm\AppData\Local\Programs\Python\Python311\Scripts\;C:\Users\chinm\AppData\Local\Programs\Python\Python311\;C:\Users\chinm\AppData\Local\Microsoft\WindowsApps;E:\Anaconda\condabin;E:\Anaconda\Scripts;E:\Microsoft VS Code\bin;E:\flutter\bin;E:\Android Studio\bin;C:\nuget.exe;C:\Program Files\Java\jdk-17\bin;C:\Program Files\Java\jdk-19\bin;;C:\Users\chinm\OneDrive\Desktop;
USERNAME=chinm
OS=Windows_NT
PROCESSOR_IDENTIFIER=Intel64 Family 6 Model 140 Stepping 1, GenuineIntel
TMP=C:\Users\chinm\AppData\Local\Temp
TEMP=C:\Users\chinm\AppData\Local\Temp




Periodic native trim disabled

---------------  S Y S T E M  ---------------

OS:
 Windows 11 , 64 bit Build 22621 (10.0.22621.4000)
OS uptime: 0 days 5:55 hours

CPU: total 8 (initial active 8) (4 cores per cpu, 2 threads per core) family 6 model 140 stepping 1 microcode 0xbc, cx8, cmov, fxsr, ht, mmx, 3dnowpref, sse, sse2, sse3, ssse3, sse4.1, sse4.2, popcnt, lzcnt, tsc, tscinvbit, avx, avx2, aes, erms, clmul, bmi1, bmi2, adx, avx512f, avx512dq, avx512cd, avx512bw, avx512vl, sha, fma, vzeroupper, avx512_vpopcntdq, avx512_vpclmulqdq, avx512_vaes, avx512_vnni, clflush, clflushopt, clwb, avx512_vbmi2, avx512_vbmi, rdtscp, rdpid, fsrm, gfni, avx512_bitalg, f16c, pku, cet_ibt, cet_ss, avx512_ifma
Processor Information for the first 8 processors :
  Max Mhz: 2419, Current Mhz: 2419, Mhz Limit: 2419

Memory: 4k page, system-wide physical 7914M (791M free)
TotalPageFile size 17381M (AvailPageFile size 5M)
current process WorkingSet (physical memory assigned to process): 10M, peak: 10M
current process commit charge ("private bytes"): 12M, peak: 13M

vm_info: OpenJDK 64-Bit Server VM (21.0.7+6-LTS) for windows-amd64 JRE (21.0.7+6-LTS), built on 2025-04-15T00:00:00Z by "admin" with MS VC++ 17.7 (VS2022)

END.
